L,nhead,dhead,dbyte,power_constraint,cycle,mac,softmax,mvgb,mvsb,wrgb
2048,20,128,2,True,7523,7696,20,1280,1440,160
2049,17,128,2,True,7795,6612,17,1222,1360,128
2050,17,128,2,True,7795,6612,17,1222,1360,128
2051,17,128,2,True,7795,6612,17,1222,1360,128
2052,15,128,2,True,3798,5820,15,1080,1200,120
2053,15,128,2,True,3798,5820,15,1080,1200,120
2054,15,128,2,True,3798,5820,15,1080,1200,120
2055,15,128,2,True,3798,5820,15,1080,1200,120
2056,15,128,2,True,3798,5820,15,1080,1200,120
2057,15,128,2,True,3798,5820,15,1080,1200,120
2058,15,128,2,True,3798,5820,15,1080,1200,120
2059,12,128,2,True,3798,4656,12,864,960,96
2060,12,128,2,True,3798,4656,12,864,960,96
2061,12,128,2,True,3798,4656,12,864,960,96
2062,12,128,2,True,3798,4656,12,864,960,96
2063,12,128,2,True,3798,4656,12,864,960,96
2064,12,128,2,True,3798,4656,12,864,960,96
2065,10,128,2,True,3814,3900,10,720,800,80
2066,10,128,2,True,3814,3900,10,720,800,80
2067,10,128,2,True,3814,3900,10,720,800,80
2068,10,128,2,True,3814,3900,10,720,800,80
2069,10,128,2,True,3814,3900,10,720,800,80
2070,10,128,2,True,3814,3900,10,720,800,80
2071,10,128,2,True,3814,3900,10,720,800,80
2072,10,128,2,True,3814,3900,10,720,800,80
2073,10,128,2,True,3814,3900,10,720,800,80
2074,10,128,2,True,3814,3900,10,720,800,80
2075,10,128,2,True,3814,3900,10,720,800,80
2076,10,128,2,True,3814,3900,10,720,800,80
2077,10,128,2,True,3814,3900,10,720,800,80
2078,10,128,2,True,3814,3900,10,720,800,80
2079,10,128,2,True,3814,3900,10,720,800,80
2080,10,128,2,True,3814,3900,10,720,800,80
2081,10,128,2,True,3838,3940,10,720,800,80
2082,10,128,2,True,3838,3940,10,720,800,80
2083,10,128,2,True,3838,3940,10,720,800,80
2084,10,128,2,True,3838,3940,10,720,800,80
2085,10,128,2,True,3838,3940,10,720,800,80
2086,10,128,2,True,3838,3940,10,720,800,80
2087,10,128,2,True,3838,3940,10,720,800,80
2088,10,128,2,True,3838,3940,10,720,800,80
2089,10,128,2,True,3838,3940,10,720,800,80
2090,10,128,2,True,3838,3940,10,720,800,80
2091,10,128,2,True,3838,3940,10,720,800,80
2092,10,128,2,True,3838,3940,10,720,800,80
2093,10,128,2,True,3838,3940,10,720,800,80
2094,10,128,2,True,3838,3940,10,720,800,80
2095,10,128,2,True,3838,3940,10,720,800,80
2096,10,128,2,True,3838,3940,10,720,800,80
2097,10,128,2,True,3854,3960,10,720,800,80
2098,10,128,2,True,3854,3960,10,720,800,80
2099,10,128,2,True,3854,3960,10,720,800,80
2100,10,128,2,True,3854,3960,10,720,800,80
2101,10,128,2,True,3854,3960,10,720,800,80
2102,10,128,2,True,3854,3960,10,720,800,80
2103,10,128,2,True,3854,3960,10,720,800,80
2104,8,128,2,True,3854,3168,8,576,640,64
2105,8,128,2,True,3854,3168,8,576,640,64
2106,8,128,2,True,3854,3168,8,576,640,64
2107,8,128,2,True,3854,3168,8,576,640,64
2108,8,128,2,True,3854,3168,8,576,640,64
2109,8,128,2,True,3854,3168,8,576,640,64
2110,8,128,2,True,3854,3168,8,576,640,64
2111,8,128,2,True,3854,3168,8,576,640,64
2112,8,128,2,True,3854,3168,8,576,640,64
2113,8,128,2,True,3878,3200,8,576,640,64
2114,8,128,2,True,3878,3200,8,576,640,64
2115,8,128,2,True,3878,3200,8,576,640,64
2116,8,128,2,True,3878,3200,8,576,640,64
2117,8,128,2,True,3878,3200,8,576,640,64
2118,8,128,2,True,3878,3200,8,576,640,64
2119,8,128,2,True,3878,3200,8,576,640,64
2120,8,128,2,True,3878,3200,8,576,640,64
2121,8,128,2,True,3878,3200,8,576,640,64
2122,8,128,2,True,3878,3200,8,576,640,64
2123,8,128,2,True,3878,3200,8,576,640,64
2124,8,128,2,True,3878,3200,8,576,640,64
2125,8,128,2,True,3878,3200,8,576,640,64
2126,8,128,2,True,3878,3200,8,576,640,64
2127,8,128,2,True,3878,3200,8,576,640,64
2128,8,128,2,True,3878,3200,8,576,640,64
2129,8,128,2,True,3894,3216,8,576,640,64
2130,8,128,2,True,3894,3216,8,576,640,64
2131,8,128,2,True,3894,3216,8,576,640,64
2132,8,128,2,True,3894,3216,8,576,640,64
2133,8,128,2,True,3894,3216,8,576,640,64
2134,8,128,2,True,3894,3216,8,576,640,64
2135,8,128,2,True,3894,3216,8,576,640,64
2136,8,128,2,True,3894,3216,8,576,640,64
2137,8,128,2,True,3894,3216,8,576,640,64
2138,8,128,2,True,3894,3216,8,576,640,64
2139,8,128,2,True,3894,3216,8,576,640,64
2140,8,128,2,True,3894,3216,8,576,640,64
2141,8,128,2,True,3894,3216,8,576,640,64
2142,5,128,2,True,3894,2010,5,360,400,40
2143,5,128,2,True,3894,2010,5,360,400,40
2144,5,128,2,True,3894,2010,5,360,400,40
2145,5,128,2,True,3924,2030,5,360,400,40
2146,5,128,2,True,3924,2030,5,360,400,40
2147,5,128,2,True,3924,2030,5,360,400,40
2148,5,128,2,True,3924,2030,5,360,400,40
2149,5,128,2,True,3924,2030,5,360,400,40
2150,5,128,2,True,3924,2030,5,360,400,40
2151,5,128,2,True,3924,2030,5,360,400,40
2152,5,128,2,True,3924,2030,5,360,400,40
2153,5,128,2,True,3924,2030,5,360,400,40
2154,5,128,2,True,3924,2030,5,360,400,40
2155,5,128,2,True,3924,2030,5,360,400,40
2156,5,128,2,True,3924,2030,5,360,400,40
2157,3,128,2,True,3924,1218,3,216,240,24
2158,3,128,2,True,3924,1218,3,216,240,24
2159,3,128,2,True,3924,1218,3,216,240,24
2160,3,128,2,True,3924,1218,3,216,240,24
2161,3,128,2,True,3940,1224,3,216,240,24
2162,3,128,2,True,3940,1224,3,216,240,24
2163,3,128,2,True,3940,1224,3,216,240,24
2164,3,128,2,True,3940,1224,3,216,240,24
2165,3,128,2,True,3940,1224,3,216,240,24
2166,3,128,2,True,3940,1224,3,216,240,24
2167,3,128,2,True,3940,1224,3,216,240,24
2168,3,128,2,True,3940,1224,3,216,240,24
2169,3,128,2,True,3940,1224,3,216,240,24
2170,3,128,2,True,3940,1224,3,216,240,24
2171,3,128,2,True,3940,1224,3,216,240,24
2172,3,128,2,True,3940,1224,3,216,240,24
2173,3,128,2,True,3940,1224,3,216,240,24
2174,3,128,2,True,3940,1224,3,216,240,24
2175,3,128,2,True,3940,1224,3,216,240,24
2176,3,128,2,True,3940,1224,3,216,240,24
2177,3,128,2,True,3972,1236,3,216,240,24
2178,3,128,2,True,3972,1236,3,216,240,24
2179,3,128,2,True,3972,1236,3,216,240,24
2180,3,128,2,True,3972,1236,3,216,240,24
2181,3,128,2,True,3972,1236,3,216,240,24
2182,3,128,2,True,3972,1236,3,216,240,24
2183,3,128,2,True,3972,1236,3,216,240,24
2184,3,128,2,True,3972,1236,3,216,240,24
2185,3,128,2,True,3972,1236,3,216,240,24
2186,3,128,2,True,3972,1236,3,216,240,24
2187,3,128,2,True,3972,1236,3,216,240,24
2188,3,128,2,True,3972,1236,3,216,240,24
2189,3,128,2,True,3972,1236,3,216,240,24
2190,3,128,2,True,3972,1236,3,216,240,24
2191,3,128,2,True,3972,1236,3,216,240,24
2192,3,128,2,True,3972,1236,3,216,240,24
2193,3,128,2,True,3988,1242,3,216,240,24
2194,3,128,2,True,3988,1242,3,216,240,24
2195,3,128,2,True,3988,1242,3,216,240,24
2196,3,128,2,True,3988,1242,3,216,240,24
2197,3,128,2,True,3988,1242,3,216,240,24
2198,3,128,2,True,3988,1242,3,216,240,24
2199,3,128,2,True,3988,1242,3,216,240,24
2200,3,128,2,True,3988,1242,3,216,240,24
2201,3,128,2,True,3988,1242,3,216,240,24
2202,3,128,2,True,3988,1242,3,216,240,24
2203,3,128,2,True,3988,1242,3,216,240,24
2204,3,128,2,True,3988,1242,3,216,240,24
2205,3,128,2,True,3988,1242,3,216,240,24
2206,3,128,2,True,3988,1242,3,216,240,24
2207,3,128,2,True,3988,1242,3,216,240,24
2208,3,128,2,True,3988,1242,3,216,240,24
2209,3,128,2,True,4020,1254,3,216,240,24
2210,3,128,2,True,4020,1254,3,216,240,24
2211,3,128,2,True,4020,1254,3,216,240,24
2212,3,128,2,True,4020,1254,3,216,240,24
2213,3,128,2,True,4020,1254,3,216,240,24
2214,3,128,2,True,4020,1254,3,216,240,24
2215,3,128,2,True,4020,1254,3,216,240,24
2216,3,128,2,True,4020,1254,3,216,240,24
2217,3,128,2,True,4020,1254,3,216,240,24
2218,3,128,2,True,4020,1254,3,216,240,24
2219,3,128,2,True,4020,1254,3,216,240,24
2220,3,128,2,True,4020,1254,3,216,240,24
2221,3,128,2,True,4020,1254,3,216,240,24
2222,3,128,2,True,4020,1254,3,216,240,24
2223,3,128,2,True,4020,1254,3,216,240,24
2224,3,128,2,True,4020,1254,3,216,240,24
2225,3,128,2,True,4036,1260,3,216,240,24
2226,3,128,2,True,4036,1260,3,216,240,24
2227,3,128,2,True,4036,1260,3,216,240,24
2228,3,128,2,True,4036,1260,3,216,240,24
2229,3,128,2,True,4036,1260,3,216,240,24
2230,3,128,2,True,4036,1260,3,216,240,24
2231,3,128,2,True,4036,1260,3,216,240,24
2232,3,128,2,True,4036,1260,3,216,240,24
2233,3,128,2,True,4036,1260,3,216,240,24
2234,3,128,2,True,4036,1260,3,216,240,24
2235,3,128,2,True,4036,1260,3,216,240,24
2236,3,128,2,True,4036,1260,3,216,240,24
2237,3,128,2,True,4036,1260,3,216,240,24
2238,3,128,2,True,4036,1260,3,216,240,24
2239,3,128,2,True,4036,1260,3,216,240,24
2240,3,128,2,True,4036,1260,3,216,240,24
2241,3,128,2,True,4068,1272,3,216,240,24
2242,3,128,2,True,4068,1272,3,216,240,24
2243,3,128,2,True,4068,1272,3,216,240,24
2244,3,128,2,True,4068,1272,3,216,240,24
2245,3,128,2,True,4068,1272,3,216,240,24
2246,3,128,2,True,4068,1272,3,216,240,24
2247,3,128,2,True,4068,1272,3,216,240,24
2248,3,128,2,True,4068,1272,3,216,240,24
2249,3,128,2,True,4106,1272,3,216,240,24
2250,3,128,2,True,4106,1272,3,216,240,24
2251,3,128,2,True,4106,1272,3,216,240,24
2252,3,128,2,True,4106,1272,3,216,240,24
2253,3,128,2,True,4106,1272,3,216,240,24
2254,3,128,2,True,4106,1272,3,216,240,24
2255,3,128,2,True,4106,1272,3,216,240,24
2256,3,128,2,True,4106,1272,3,216,240,24
2257,3,128,2,True,4122,1278,3,216,240,24
2258,3,128,2,True,4122,1278,3,216,240,24
2259,3,128,2,True,4122,1278,3,216,240,24
2260,3,128,2,True,4122,1278,3,216,240,24
2261,3,128,2,True,4122,1278,3,216,240,24
2262,3,128,2,True,4122,1278,3,216,240,24
2263,3,128,2,True,4122,1278,3,216,240,24
2264,3,128,2,True,4122,1278,3,216,240,24
2265,3,128,2,True,4122,1278,3,216,240,24
2266,3,128,2,True,4122,1278,3,216,240,24
2267,3,128,2,True,4122,1278,3,216,240,24
2268,3,128,2,True,4122,1278,3,216,240,24
2269,3,128,2,True,4122,1278,3,216,240,24
2270,3,128,2,True,4122,1278,3,216,240,24
2271,3,128,2,True,4122,1278,3,216,240,24
2272,3,128,2,True,4122,1278,3,216,240,24
2273,3,128,2,True,4156,1290,3,216,240,24
2274,3,128,2,True,4156,1290,3,216,240,24
2275,3,128,2,True,4156,1290,3,216,240,24
2276,3,128,2,True,4156,1290,3,216,240,24
2277,3,128,2,True,4156,1290,3,216,240,24
2278,3,128,2,True,4156,1290,3,216,240,24
2279,3,128,2,True,4156,1290,3,216,240,24
2280,3,128,2,True,4156,1290,3,216,240,24
2281,3,128,2,True,4164,1290,3,216,240,24
2282,3,128,2,True,4164,1290,3,216,240,24
2283,3,128,2,True,4164,1290,3,216,240,24
2284,3,128,2,True,4164,1290,3,216,240,24
2285,3,128,2,True,4164,1290,3,216,240,24
2286,3,128,2,True,4164,1290,3,216,240,24
2287,3,128,2,True,4164,1290,3,216,240,24
2288,3,128,2,True,4164,1290,3,216,240,24
2289,3,128,2,True,4188,1296,3,216,240,24
2290,3,128,2,True,4188,1296,3,216,240,24
2291,3,128,2,True,4188,1296,3,216,240,24
2292,3,128,2,True,4188,1296,3,216,240,24
2293,3,128,2,True,4188,1296,3,216,240,24
2294,3,128,2,True,4188,1296,3,216,240,24
2295,3,128,2,True,4188,1296,3,216,240,24
2296,3,128,2,True,4188,1296,3,216,240,24
2297,3,128,2,True,4132,1296,3,216,240,24
2298,3,128,2,True,4132,1296,3,216,240,24
2299,3,128,2,True,4132,1296,3,216,240,24
2300,3,128,2,True,4132,1296,3,216,240,24
2301,3,128,2,True,4132,1296,3,216,240,24
2302,3,128,2,True,4132,1296,3,216,240,24
2303,3,128,2,True,4132,1296,3,216,240,24
2304,3,128,2,True,4132,1296,3,216,240,24
2305,3,128,2,True,4218,1308,3,240,264,24
2306,3,128,2,True,4218,1308,3,240,264,24
2307,3,128,2,True,4218,1308,3,240,264,24
2308,3,128,2,True,4218,1308,3,240,264,24
2309,3,128,2,True,4218,1308,3,240,264,24
2310,3,128,2,True,4218,1308,3,240,264,24
2311,3,128,2,True,4218,1308,3,240,264,24
2312,3,128,2,True,4218,1308,3,240,264,24
2313,3,128,2,True,4218,1308,3,240,264,24
2314,3,128,2,True,4218,1308,3,240,264,24
2315,3,128,2,True,4218,1308,3,240,264,24
2316,3,128,2,True,4218,1308,3,240,264,24
2317,3,128,2,True,4218,1308,3,240,264,24
2318,3,128,2,True,4218,1308,3,240,264,24
2319,3,128,2,True,4218,1308,3,240,264,24
2320,3,128,2,True,4218,1308,3,240,264,24
2321,3,128,2,True,4234,1314,3,240,264,24
2322,3,128,2,True,4234,1314,3,240,264,24
2323,3,128,2,True,4234,1314,3,240,264,24
2324,3,128,2,True,4234,1314,3,240,264,24
2325,3,128,2,True,4234,1314,3,240,264,24
2326,3,128,2,True,4234,1314,3,240,264,24
2327,3,128,2,True,4234,1314,3,240,264,24
2328,3,128,2,True,4234,1314,3,240,264,24
2329,3,128,2,True,4234,1314,3,240,264,24
2330,3,128,2,True,4234,1314,3,240,264,24
2331,3,128,2,True,4234,1314,3,240,264,24
2332,3,128,2,True,4234,1314,3,240,264,24
2333,3,128,2,True,4234,1314,3,240,264,24
2334,3,128,2,True,4234,1314,3,240,264,24
2335,3,128,2,True,4234,1314,3,240,264,24
2336,3,128,2,True,4234,1314,3,240,264,24
2337,3,128,2,True,4266,1326,3,240,264,24
2338,3,128,2,True,4266,1326,3,240,264,24
2339,3,128,2,True,4266,1326,3,240,264,24
2340,3,128,2,True,4266,1326,3,240,264,24
2341,3,128,2,True,4266,1326,3,240,264,24
2342,3,128,2,True,4266,1326,3,240,264,24
2343,3,128,2,True,4266,1326,3,240,264,24
2344,3,128,2,True,4266,1326,3,240,264,24
2345,3,128,2,True,4266,1326,3,240,264,24
2346,3,128,2,True,4266,1326,3,240,264,24
2049,20,128,2,True,7795,7776,20,1438,1600,155
2050,20,128,2,True,7795,7776,20,1438,1600,155
2051,20,128,2,True,7795,7776,20,1438,1600,155
2052,17,128,2,True,7795,6612,17,1222,1360,128
2053,17,128,2,True,7795,6612,17,1222,1360,128
2054,17,128,2,True,7795,6612,17,1222,1360,128
2055,17,128,2,True,7795,6612,17,1222,1360,128
2056,17,128,2,True,7795,6612,17,1222,1360,128
2057,17,128,2,True,7787,6612,17,1222,1360,128
2058,17,128,2,True,7787,6612,17,1222,1360,128
2059,17,128,2,True,7787,6612,17,1222,1360,128
2060,17,128,2,True,7787,6612,17,1222,1360,128
2061,17,128,2,True,7787,6612,17,1222,1360,128
2062,17,128,2,True,7787,6612,17,1222,1360,128
2063,17,128,2,True,7787,6612,17,1222,1360,128
2064,17,128,2,True,7787,6612,17,1222,1360,128
2065,17,128,2,True,7855,6646,17,1222,1360,128
2066,17,128,2,True,7855,6646,17,1222,1360,128
2067,17,128,2,True,7855,6646,17,1222,1360,128
2068,17,128,2,True,7855,6646,17,1222,1360,128
2069,15,128,2,True,3814,5850,15,1080,1200,120
2070,15,128,2,True,3814,5850,15,1080,1200,120
2071,15,128,2,True,3814,5850,15,1080,1200,120
2072,12,128,2,True,3814,4680,12,864,960,96
2073,12,128,2,True,3814,4680,12,864,960,96
2074,12,128,2,True,3814,4680,12,864,960,96
2075,12,128,2,True,3814,4680,12,864,960,96
2076,12,128,2,True,3814,4680,12,864,960,96
2077,12,128,2,True,3814,4680,12,864,960,96
2078,12,128,2,True,3814,4680,12,864,960,96
2079,12,128,2,True,3814,4680,12,864,960,96
2080,12,128,2,True,3814,4680,12,864,960,96
2081,12,128,2,True,3838,4728,12,864,960,96
2082,12,128,2,True,3838,4728,12,864,960,96
2083,12,128,2,True,3838,4728,12,864,960,96
2084,12,128,2,True,3838,4728,12,864,960,96
2085,12,128,2,True,3838,4728,12,864,960,96
2086,12,128,2,True,3838,4728,12,864,960,96
2087,12,128,2,True,3838,4728,12,864,960,96
2088,12,128,2,True,3838,4728,12,864,960,96
2089,12,128,2,True,3838,4728,12,864,960,96
2090,12,128,2,True,3838,4728,12,864,960,96
2091,12,128,2,True,3838,4728,12,864,960,96
2092,12,128,2,True,3838,4728,12,864,960,96
2093,12,128,2,True,3838,4728,12,864,960,96
2104,10,128,2,True,3854,3960,10,720,800,80
2105,10,128,2,True,3854,3960,10,720,800,80
2106,10,128,2,True,3854,3960,10,720,800,80
2107,10,128,2,True,3854,3960,10,720,800,80
2108,10,128,2,True,3854,3960,10,720,800,80
2109,10,128,2,True,3854,3960,10,720,800,80
2110,10,128,2,True,3854,3960,10,720,800,80
2111,10,128,2,True,3854,3960,10,720,800,80
2112,10,128,2,True,3854,3960,10,720,800,80
2125,5,128,2,True,3878,2000,5,360,400,40
2126,5,128,2,True,3878,2000,5,360,400,40
2127,5,128,2,True,3878,2000,5,360,400,40
2128,5,128,2,True,3878,2000,5,360,400,40
2129,5,128,2,True,3894,2010,5,360,400,40
2130,3,128,2,True,3894,1206,3,216,240,24
2131,3,128,2,True,3894,1206,3,216,240,24
2132,3,128,2,True,3894,1206,3,216,240,24
2133,3,128,2,True,3894,1206,3,216,240,24
2134,3,128,2,True,3894,1206,3,216,240,24
2135,3,128,2,True,3894,1206,3,216,240,24
2136,3,128,2,True,3894,1206,3,216,240,24
2137,3,128,2,True,3894,1206,3,216,240,24
2138,3,128,2,True,3894,1206,3,216,240,24
2139,3,128,2,True,3894,1206,3,216,240,24
2140,3,128,2,True,3894,1206,3,216,240,24
2141,3,128,2,True,3894,1206,3,216,240,24
2142,3,128,2,True,3894,1206,3,216,240,24
2143,3,128,2,True,3894,1206,3,216,240,24
2144,3,128,2,True,3894,1206,3,216,240,24
2145,3,128,2,True,3924,1218,3,216,240,24
2146,3,128,2,True,3924,1218,3,216,240,24
2147,3,128,2,True,3924,1218,3,216,240,24
2148,3,128,2,True,3924,1218,3,216,240,24
2149,3,128,2,True,3924,1218,3,216,240,24
2150,3,128,2,True,3924,1218,3,216,240,24
2151,3,128,2,True,3924,1218,3,216,240,24
2152,3,128,2,True,3924,1218,3,216,240,24
2153,3,128,2,True,3924,1218,3,216,240,24
2154,3,128,2,True,3924,1218,3,216,240,24
2155,3,128,2,True,3924,1218,3,216,240,24
2156,3,128,2,True,3924,1218,3,216,240,24
2052,20,128,2,True,7795,7776,20,1438,1600,155
2053,20,128,2,True,7795,7776,20,1438,1600,155
2054,20,128,2,True,7795,7776,20,1438,1600,155
2055,20,128,2,True,7795,7776,20,1438,1600,155
2056,20,128,2,True,7795,7776,20,1438,1600,155
2057,20,128,2,True,7787,7776,20,1438,1600,155
2058,20,128,2,True,7787,7776,20,1438,1600,155
2059,20,128,2,True,7787,7776,20,1438,1600,155
2069,17,128,2,True,7855,6646,17,1222,1360,128
2070,17,128,2,True,7855,6646,17,1222,1360,128
2071,17,128,2,True,7855,6646,17,1222,1360,128
2072,17,128,2,True,7855,6646,17,1222,1360,128
2073,17,128,2,True,7855,6646,17,1222,1360,128
2074,17,128,2,True,7855,6646,17,1222,1360,128
2075,17,128,2,True,7855,6646,17,1222,1360,128
2076,17,128,2,True,7855,6646,17,1222,1360,128
2077,17,128,2,True,7855,6646,17,1222,1360,128
2078,17,128,2,True,7855,6646,17,1222,1360,128
2079,17,128,2,True,7855,6646,17,1222,1360,128
2080,17,128,2,True,7855,6646,17,1222,1360,128
2081,17,128,2,True,7893,6714,17,1222,1360,128
2082,17,128,2,True,7893,6714,17,1222,1360,128
2083,17,128,2,True,7893,6714,17,1222,1360,128
2084,17,128,2,True,7893,6714,17,1222,1360,128
2085,17,128,2,True,7893,6714,17,1222,1360,128
2086,17,128,2,True,7893,6714,17,1222,1360,128
2087,17,128,2,True,7893,6714,17,1222,1360,128
2088,17,128,2,True,7893,6714,17,1222,1360,128
2089,17,128,2,True,7893,6714,17,1222,1360,128
2090,17,128,2,True,7893,6714,17,1222,1360,128
2091,15,128,2,True,3838,5910,15,1080,1200,120
2092,15,128,2,True,3838,5910,15,1080,1200,120
2093,15,128,2,True,3838,5910,15,1080,1200,120
2094,15,128,2,True,3838,5910,15,1080,1200,120
2095,15,128,2,True,3838,5910,15,1080,1200,120
2096,15,128,2,True,3838,5910,15,1080,1200,120
2097,15,128,2,True,3854,5940,15,1080,1200,120
2098,15,128,2,True,3854,5940,15,1080,1200,120
2099,15,128,2,True,3854,5940,15,1080,1200,120
2100,15,128,2,True,3854,5940,15,1080,1200,120
2101,15,128,2,True,3854,5940,15,1080,1200,120
2102,15,128,2,True,3854,5940,15,1080,1200,120
2103,15,128,2,True,3854,5940,15,1080,1200,120
2104,12,128,2,True,3854,4752,12,864,960,96
2105,12,128,2,True,3854,4752,12,864,960,96
2106,12,128,2,True,3854,4752,12,864,960,96
2107,12,128,2,True,3854,4752,12,864,960,96
2108,12,128,2,True,3854,4752,12,864,960,96
2109,12,128,2,True,3854,4752,12,864,960,96
2110,12,128,2,True,3854,4752,12,864,960,96
2111,12,128,2,True,3854,4752,12,864,960,96
2112,12,128,2,True,3854,4752,12,864,960,96
2113,10,128,2,True,3878,4000,10,720,800,80
2114,10,128,2,True,3878,4000,10,720,800,80
2115,10,128,2,True,3878,4000,10,720,800,80
2116,10,128,2,True,3878,4000,10,720,800,80
2117,10,128,2,True,3878,4000,10,720,800,80
2118,10,128,2,True,3878,4000,10,720,800,80
2119,10,128,2,True,3878,4000,10,720,800,80
2120,10,128,2,True,3878,4000,10,720,800,80
2121,10,128,2,True,3878,4000,10,720,800,80
2122,10,128,2,True,3878,4000,10,720,800,80
2123,10,128,2,True,3878,4000,10,720,800,80
2124,10,128,2,True,3878,4000,10,720,800,80
2125,10,128,2,True,3878,4000,10,720,800,80
2126,10,128,2,True,3878,4000,10,720,800,80
2127,10,128,2,True,3878,4000,10,720,800,80
2128,10,128,2,True,3878,4000,10,720,800,80
2129,10,128,2,True,3894,4020,10,720,800,80
2130,10,128,2,True,3894,4020,10,720,800,80
2131,10,128,2,True,3894,4020,10,720,800,80
2132,10,128,2,True,3894,4020,10,720,800,80
2133,10,128,2,True,3894,4020,10,720,800,80
2138,5,128,2,True,3894,2010,5,360,400,40
2139,5,128,2,True,3894,2010,5,360,400,40
2140,5,128,2,True,3894,2010,5,360,400,40
2141,5,128,2,True,3894,2010,5,360,400,40
2347,3,128,2,True,4266,1326,3,240,264,24
2348,3,128,2,True,4266,1326,3,240,264,24
2349,3,128,2,True,4266,1326,3,240,264,24
2350,3,128,2,True,4266,1326,3,240,264,24
2351,3,128,2,True,4266,1326,3,240,264,24
2352,3,128,2,True,4266,1326,3,240,264,24
2353,3,128,2,True,4282,1332,3,240,264,24
2354,3,128,2,True,4282,1332,3,240,264,24
2355,3,128,2,True,4282,1332,3,240,264,24
2356,3,128,2,True,4282,1332,3,240,264,24
2357,3,128,2,True,4282,1332,3,240,264,24
2358,3,128,2,True,4282,1332,3,240,264,24
2359,3,128,2,True,4282,1332,3,240,264,24
2360,3,128,2,True,4282,1332,3,240,264,24
2361,3,128,2,True,4282,1332,3,240,264,24
2362,3,128,2,True,4282,1332,3,240,264,24
2363,3,128,2,True,4282,1332,3,240,264,24
2364,3,128,2,True,4282,1332,3,240,264,24
2365,3,128,2,True,4282,1332,3,240,264,24
2366,3,128,2,True,4282,1332,3,240,264,24
2367,3,128,2,True,4282,1332,3,240,264,24
2368,3,128,2,True,4282,1332,3,240,264,24
2369,3,128,2,True,4314,1344,3,240,264,24
2370,3,128,2,True,4314,1344,3,240,264,24
2371,3,128,2,True,4314,1344,3,240,264,24
2372,3,128,2,True,4314,1344,3,240,264,24
2373,3,128,2,True,4314,1344,3,240,264,24
2374,3,128,2,True,4314,1344,3,240,264,24
2375,3,128,2,True,4314,1344,3,240,264,24
2376,3,128,2,True,4314,1344,3,240,264,24
2377,3,128,2,True,4314,1344,3,240,264,24
2378,3,128,2,True,4314,1344,3,240,264,24
2379,3,128,2,True,4314,1344,3,240,264,24
2062,15,128,2,True,3798,5820,15,1080,1200,120
2063,15,128,2,True,3798,5820,15,1080,1200,120
2064,15,128,2,True,3798,5820,15,1080,1200,120
2065,15,128,2,True,3814,5850,15,1080,1200,120
2066,15,128,2,True,3814,5850,15,1080,1200,120
2067,12,128,2,True,3814,4680,12,864,960,96
2070,8,128,2,True,3814,3120,8,576,640,64
2071,8,128,2,True,3814,3120,8,576,640,64
2072,8,128,2,True,3814,3120,8,576,640,64
2073,8,128,2,True,3814,3120,8,576,640,64
2074,8,128,2,True,3814,3120,8,576,640,64
2075,8,128,2,True,3814,3120,8,576,640,64
2076,8,128,2,True,3814,3120,8,576,640,64
2077,8,128,2,True,3814,3120,8,576,640,64
2078,8,128,2,True,3814,3120,8,576,640,64
2079,8,128,2,True,3814,3120,8,576,640,64
2080,8,128,2,True,3814,3120,8,576,640,64
2081,8,128,2,True,3838,3152,8,576,640,64
2082,8,128,2,True,3838,3152,8,576,640,64
2083,8,128,2,True,3838,3152,8,576,640,64
2084,8,128,2,True,3838,3152,8,576,640,64
2085,8,128,2,True,3838,3152,8,576,640,64
2086,8,128,2,True,3838,3152,8,576,640,64
2087,8,128,2,True,3838,3152,8,576,640,64
2088,8,128,2,True,3838,3152,8,576,640,64
2089,8,128,2,True,3838,3152,8,576,640,64
2090,8,128,2,True,3838,3152,8,576,640,64
2091,8,128,2,True,3838,3152,8,576,640,64
2092,8,128,2,True,3838,3152,8,576,640,64
2093,8,128,2,True,3838,3152,8,576,640,64
2094,8,128,2,True,3838,3152,8,576,640,64
2095,8,128,2,True,3838,3152,8,576,640,64
2096,8,128,2,True,3838,3152,8,576,640,64
2097,8,128,2,True,3854,3168,8,576,640,64
2098,8,128,2,True,3854,3168,8,576,640,64
2099,8,128,2,True,3854,3168,8,576,640,64
2100,8,128,2,True,3854,3168,8,576,640,64
2101,8,128,2,True,3854,3168,8,576,640,64
2102,8,128,2,True,3854,3168,8,576,640,64
2103,8,128,2,True,3854,3168,8,576,640,64
2116,5,128,2,True,3878,2000,5,360,400,40
2117,5,128,2,True,3878,2000,5,360,400,40
2118,5,128,2,True,3878,2000,5,360,400,40
2119,5,128,2,True,3878,2000,5,360,400,40
2120,5,128,2,True,3878,2000,5,360,400,40
2121,5,128,2,True,3878,2000,5,360,400,40
2122,5,128,2,True,3878,2000,5,360,400,40
2123,5,128,2,True,3878,2000,5,360,400,40
2124,5,128,2,True,3878,2000,5,360,400,40
2130,5,128,2,True,3894,2010,5,360,400,40
2131,5,128,2,True,3894,2010,5,360,400,40
2132,5,128,2,True,3894,2010,5,360,400,40
2133,5,128,2,True,3894,2010,5,360,400,40
2134,5,128,2,True,3894,2010,5,360,400,40
2135,5,128,2,True,3894,2010,5,360,400,40
2136,5,128,2,True,3894,2010,5,360,400,40
2137,5,128,2,True,3894,2010,5,360,400,40
2067,15,128,2,True,3814,5850,15,1080,1200,120
2068,15,128,2,True,3814,5850,15,1080,1200,120
2072,15,128,2,True,3814,5850,15,1080,1200,120
2073,15,128,2,True,3814,5850,15,1080,1200,120
2074,15,128,2,True,3814,5850,15,1080,1200,120
2075,15,128,2,True,3814,5850,15,1080,1200,120
2076,15,128,2,True,3814,5850,15,1080,1200,120
2077,15,128,2,True,3814,5850,15,1080,1200,120
2078,15,128,2,True,3814,5850,15,1080,1200,120
2079,15,128,2,True,3814,5850,15,1080,1200,120
2080,15,128,2,True,3814,5850,15,1080,1200,120
2094,12,128,2,True,3838,4728,12,864,960,96
2095,12,128,2,True,3838,4728,12,864,960,96
2096,12,128,2,True,3838,4728,12,864,960,96
2097,12,128,2,True,3854,4752,12,864,960,96
2098,12,128,2,True,3854,4752,12,864,960,96
2099,12,128,2,True,3854,4752,12,864,960,96
2100,12,128,2,True,3854,4752,12,864,960,96
2101,12,128,2,True,3854,4752,12,864,960,96
2102,12,128,2,True,3854,4752,12,864,960,96
2103,12,128,2,True,3854,4752,12,864,960,96
